
         ,--.
       ,--.'|
   ,--,:  : |                                           Nacos 1.1.4
,`--.'`|  ' :                       ,---.               Running in cluster mode, All function modules
|   :  :  | |                      '   ,'\   .--.--.    Port: 8848
:   |   \ | :  ,--.--.     ,---.  /   /   | /  /    '   Pid: 21
|   : '  '; | /       \   /     \.   ; ,. :|  :  /`./   Console: http://nacos1:8848/nacos/index.html
'   ' ;.    ;.--.  .-. | /    / ''   | |: :|  :  ;_
|   | | \   | \__\/: . ..    ' / '   | .; : \  \    `.      https://nacos.io
'   : |  ; .' ," .--.; |'   ; :__|   :    |  `----.   \
|   | '`--'  /  /  ,.  |'   | '.'|\   \  /  /  /`--'  /
'   : |     ;  :   .'   \   :    : `----'  '--'.     /
;   |.'     |  ,     .-./\   \  /            `--'---'
'---'        `--`---'     `----'

2020-04-30 05:50:31,749 INFO The server IP list of Nacos is [nacos1:8848, nacos2:8848, nacos3:8848]

2020-04-30 05:50:32,767 INFO Nacos is starting...

2020-04-30 05:50:33,780 INFO Nacos is starting...

2020-04-30 05:50:34,785 INFO Nacos is starting...

2020-04-30 05:50:35,801 INFO Nacos is starting...

2020-04-30 05:50:36,819 INFO Nacos is starting...

2020-04-30 05:50:38,579 INFO Nacos is starting...

2020-04-30 05:50:39,580 INFO Nacos is starting...

2020-04-30 05:50:40,631 INFO Nacos is starting...

2020-04-30 05:50:41,644 INFO Nacos is starting...

2020-04-30 05:50:42,646 INFO Nacos is starting...

2020-04-30 05:50:43,650 INFO Nacos is starting...

2020-04-30 05:50:44,667 INFO Nacos is starting...

2020-04-30 05:50:45,669 INFO Nacos is starting...

2020-04-30 05:50:46,674 INFO Nacos is starting...

2020-04-30 05:50:47,681 INFO Nacos is starting...

2020-04-30 05:50:48,683 INFO Nacos is starting...

2020-04-30 05:50:49,687 INFO Nacos is starting...

2020-04-30 05:50:50,690 INFO Nacos is starting...

2020-04-30 05:50:51,693 INFO Nacos is starting...

2020-04-30 05:50:53,044 INFO Nacos is starting...

2020-04-30 05:50:54,061 INFO Nacos is starting...

2020-04-30 05:50:55,083 INFO Nacos is starting...

2020-04-30 05:50:56,518 INFO Nacos is starting...

2020-04-30 05:50:57,745 INFO Nacos is starting...

2020-04-30 05:50:58,824 INFO Nacos is starting...

2020-04-30 05:50:59,830 INFO Nacos is starting...

2020-04-30 05:51:00,867 INFO Nacos is starting...

2020-04-30 05:51:01,956 INFO Nacos is starting...

2020-04-30 05:51:03,165 INFO Nacos is starting...

2020-04-30 05:51:05,507 INFO Nacos is starting...

2020-04-30 05:51:07,799 INFO Nacos is starting...

2020-04-30 05:51:09,042 INFO Nacos is starting...

2020-04-30 05:51:10,140 INFO Nacos is starting...

2020-04-30 05:51:11,168 INFO Nacos is starting...

2020-04-30 05:51:12,311 INFO Nacos is starting...

2020-04-30 05:51:13,430 INFO Nacos is starting...

2020-04-30 05:51:14,521 INFO Nacos is starting...

2020-04-30 05:51:15,665 INFO Nacos is starting...

2020-04-30 05:51:17,074 INFO Nacos is starting...

2020-04-30 05:51:18,192 INFO Nacos is starting...

2020-04-30 05:51:23,488 INFO Nacos is starting...

2020-04-30 05:51:24,625 INFO Nacos is starting...

2020-04-30 05:51:26,083 INFO Nacos is starting...

2020-04-30 05:51:27,480 INFO Nacos is starting...

2020-04-30 05:51:28,914 INFO Nacos is starting...

2020-04-30 05:51:30,021 INFO Nacos is starting...

2020-04-30 05:51:31,353 INFO Nacos is starting...

2020-04-30 05:51:33,279 INFO Nacos is starting...

2020-04-30 05:51:35,480 INFO Nacos is starting...

2020-04-30 05:51:37,510 INFO Nacos is starting...

2020-04-30 05:51:39,093 INFO Nacos is starting...

2020-04-30 05:51:40,783 INFO Nacos is starting...

2020-04-30 05:51:42,208 INFO Nacos is starting...

2020-04-30 05:51:43,702 INFO Nacos is starting...

2020-04-30 05:51:44,768 INFO Nacos is starting...

2020-04-30 05:51:45,994 INFO Nacos is starting...

2020-04-30 05:51:47,789 INFO Nacos is starting...

2020-04-30 05:51:49,964 INFO Nacos is starting...

2020-04-30 05:51:52,434 INFO Nacos is starting...

2020-04-30 05:51:53,754 INFO Nacos is starting...

2020-04-30 05:51:56,459 INFO Nacos is starting...

2020-04-30 05:51:58,838 INFO Nacos is starting...

2020-04-30 05:52:03,915 INFO Nacos is starting...

2020-04-30 05:52:06,278 INFO Nacos is starting...

2020-04-30 05:52:07,771 INFO Nacos is starting...

2020-04-30 05:52:09,213 INFO Nacos is starting...

2020-04-30 05:52:12,230 INFO Nacos is starting...

2020-04-30 05:52:14,638 INFO Nacos is starting...

2020-04-30 05:52:16,762 INFO Nacos is starting...

2020-04-30 05:52:19,417 INFO Nacos is starting...

2020-04-30 05:52:22,130 INFO Nacos is starting...

2020-04-30 05:52:24,529 INFO Nacos is starting...

2020-04-30 05:52:27,296 INFO Nacos is starting...

2020-04-30 05:52:30,432 INFO Nacos is starting...

2020-04-30 05:52:33,182 INFO Nacos is starting...

2020-04-30 05:52:37,391 INFO Nacos is starting...

2020-04-30 05:52:39,489 INFO Nacos is starting...

2020-04-30 05:52:41,942 INFO Nacos is starting...

2020-04-30 05:52:43,526 INFO Nacos is starting...

2020-04-30 05:52:46,024 INFO Nacos is starting...

2020-04-30 05:52:49,429 INFO Nacos is starting...

2020-04-30 05:52:51,528 INFO Nacos is starting...

2020-04-30 05:52:53,755 INFO Nacos is starting...

2020-04-30 05:52:57,958 INFO Nacos is starting...

2020-04-30 05:52:59,730 INFO Nacos is starting...

2020-04-30 05:53:01,977 INFO Nacos is starting...

2020-04-30 05:53:05,255 INFO Nacos is starting...

2020-04-30 05:53:07,476 INFO Nacos is starting...

2020-04-30 05:53:09,171 INFO Nacos is starting...

2020-04-30 05:53:11,506 INFO Nacos is starting...

2020-04-30 05:53:15,940 INFO Nacos is starting...

2020-04-30 05:53:24,025 INFO Nacos is starting...

2020-04-30 05:53:26,578 INFO Nacos is starting...

2020-04-30 05:53:29,672 INFO Nacos is starting...

2020-04-30 05:53:32,782 INFO Nacos is starting...

2020-04-30 05:53:35,078 INFO Nacos is starting...

2020-04-30 05:53:37,469 INFO Nacos is starting...

2020-04-30 05:53:40,662 INFO Nacos is starting...

2020-04-30 05:53:43,230 INFO Nacos is starting...

2020-04-30 05:53:44,952 INFO Nacos is starting...

2020-04-30 05:53:47,037 INFO Nacos is starting...

2020-04-30 05:53:49,773 INFO Nacos is starting...

2020-04-30 05:53:51,241 INFO Nacos is starting...

2020-04-30 05:53:52,689 INFO Nacos is starting...

2020-04-30 05:53:54,381 INFO Nacos is starting...

2020-04-30 05:53:56,162 INFO Nacos is starting...

2020-04-30 05:53:58,993 INFO Nacos is starting...

2020-04-30 05:54:01,158 INFO Nacos is starting...

2020-04-30 05:54:03,273 INFO Nacos is starting...

2020-04-30 05:54:04,818 INFO Nacos is starting...

2020-04-30 05:54:05,912 INFO Nacos is starting...

2020-04-30 05:54:07,512 INFO Nacos is starting...

2020-04-30 05:54:10,948 INFO Nacos is starting...

2020-04-30 05:54:12,886 INFO Nacos is starting...

2020-04-30 05:54:14,795 INFO Nacos is starting...

2020-04-30 05:54:16,902 INFO Nacos is starting...

2020-04-30 05:54:18,421 INFO Nacos is starting...

2020-04-30 05:54:20,191 INFO Nacos is starting...

2020-04-30 05:54:22,230 INFO Nacos is starting...

2020-04-30 05:54:26,555 INFO Nacos is starting...

2020-04-30 05:54:28,520 INFO Nacos is starting...

2020-04-30 05:54:31,008 INFO Nacos is starting...

2020-04-30 05:54:32,818 INFO Nacos is starting...

2020-04-30 05:54:34,654 INFO Nacos is starting...

2020-04-30 05:54:36,856 INFO Nacos is starting...

2020-04-30 05:54:39,804 INFO Nacos is starting...

2020-04-30 05:54:42,504 INFO Nacos is starting...

2020-04-30 05:54:44,532 INFO Nacos is starting...

2020-04-30 05:54:46,551 INFO Nacos is starting...

2020-04-30 05:54:48,950 INFO Nacos is starting...

2020-04-30 05:54:53,269 INFO Nacos is starting...

2020-04-30 05:54:55,054 INFO Nacos is starting...

2020-04-30 05:54:56,618 INFO Nacos is starting...

2020-04-30 05:54:58,386 INFO Nacos is starting...

2020-04-30 05:55:01,627 INFO Nacos is starting...

2020-04-30 05:55:05,213 INFO Nacos is starting...

2020-04-30 05:55:07,104 INFO Nacos is starting...

2020-04-30 05:55:12,760 INFO Nacos is starting...

2020-04-30 05:55:16,970 INFO Nacos is starting...

2020-04-30 05:55:21,591 INFO Nacos is starting...

2020-04-30 05:55:24,098 INFO Nacos is starting...

2020-04-30 05:55:26,661 INFO Nacos is starting...

2020-04-30 05:55:29,711 INFO Nacos is starting...

2020-04-30 05:55:31,987 INFO Nacos is starting...

2020-04-30 05:55:34,352 INFO Nacos is starting...

2020-04-30 05:55:36,478 INFO Nacos is starting...

2020-04-30 05:55:41,211 INFO Nacos is starting...

2020-04-30 05:55:44,024 INFO Nacos is starting...

2020-04-30 05:55:49,441 INFO Nacos is starting...

2020-04-30 05:55:53,867 INFO Nacos is starting...

2020-04-30 05:55:56,094 INFO Nacos is starting...

2020-04-30 05:55:58,001 INFO Nacos is starting...

2020-04-30 05:56:00,232 INFO Nacos is starting...

2020-04-30 05:56:08,734 INFO Nacos is starting...

2020-04-30 05:56:28,650 INFO Nacos is starting...

2020-04-30 05:56:39,471 INFO Nacos is starting...

2020-04-30 05:56:45,124 INFO Nacos is starting...

2020-04-30 05:57:03,125 INFO Nacos is starting...

2020-04-30 05:57:19,008 INFO Nacos is starting...

2020-04-30 05:57:34,218 INFO Nacos is starting...

2020-04-30 05:57:39,853 INFO Nacos is starting...

2020-04-30 05:57:43,393 INFO Nacos is starting...

2020-04-30 05:57:45,868 INFO Nacos is starting...

2020-04-30 05:57:55,815 INFO Nacos is starting...

2020-04-30 05:58:00,105 INFO Nacos is starting...

2020-04-30 05:58:02,577 INFO Nacos is starting...

2020-04-30 05:58:05,865 INFO Nacos is starting...

2020-04-30 05:58:11,106 INFO Nacos is starting...

2020-04-30 05:58:18,107 INFO Nacos is starting...

2020-04-30 05:58:24,814 INFO Nacos is starting...

2020-04-30 05:58:27,324 INFO Nacos is starting...

2020-04-30 05:58:33,782 INFO Nacos is starting...

2020-04-30 05:58:40,006 INFO Nacos is starting...

2020-04-30 05:58:44,147 INFO Nacos is starting...

2020-04-30 05:58:47,121 INFO Nacos is starting...

2020-04-30 05:58:53,073 INFO Nacos is starting...

2020-04-30 05:59:03,685 INFO Nacos is starting...

2020-04-30 05:59:08,089 INFO Nacos is starting...

2020-04-30 05:59:11,125 INFO Nacos is starting...

2020-04-30 05:59:15,479 INFO Nacos is starting...

2020-04-30 05:59:25,184 INFO Nacos is starting...

2020-04-30 05:59:30,598 INFO Nacos is starting...

2020-04-30 05:59:33,184 INFO Nacos is starting...

2020-04-30 05:59:39,552 INFO Nacos is starting...

2020-04-30 05:59:41,573 INFO Nacos is starting...

2020-04-30 05:59:46,418 INFO Nacos is starting...

2020-04-30 05:59:50,901 INFO Nacos is starting...

2020-04-30 05:59:57,195 INFO Nacos is starting...

